<?xml version="1.0" encoding="UTF-8"?>
<!-- Generated by org.testng.reporters.JUnitReportReporter -->
<testsuite hostname="DESKTOP-QQLB49O" failures="0" tests="1" name="seleniumprojectnew.nothing" time="10.851" errors="0" timestamp="2024-12-11T13:14:09 IST" skipped="0">
  <testcase classname="seleniumprojectnew.nothing" name="edge1" time="10.851"/>
</testsuite> <!-- seleniumprojectnew.nothing -->
