<?xml version="1.0" encoding="UTF-8"?>
<!-- Generated by org.testng.reporters.JUnitReportReporter -->
<testsuite hostname="DESKTOP-QQLB49O" failures="0" tests="2" name="seleniumprojectnew.QAPRACTICEPROJECT" time="267.579" errors="0" timestamp="2024-11-10T11:02:14 IST" skipped="0">
  <testcase classname="seleniumprojectnew.QAPRACTICEPROJECT" name="qapracticesite" time="231.436"/>
  <testcase classname="seleniumprojectnew.QAPRACTICEPROJECT" name="qapracticesite1" time="36.143"/>
</testsuite> <!-- seleniumprojectnew.QAPRACTICEPROJECT -->
